<?xml version="1.0" encoding="UTF-8"?>
<!-- Generated by org.testng.reporters.JUnitReportReporter -->
<testsuite hostname="DESKTOP-SOTA0LM" failures="0" tests="3" name="com.test.qStoreTest" time="20.876" errors="0" timestamp="2022-09-16T13:34:29 EDT" skipped="0">
  <testcase classname="com.test.qStoreTest" name="verifyLogoTest" time="4.738"/>
  <system-out/>
  <testcase classname="com.test.qStoreTest" name="loginTest" time="12.998"/>
  <system-out/>
  <testcase classname="com.test.qStoreTest" name="sampleTest" time="3.140"/>
  <system-out/>
</testsuite> <!-- com.test.qStoreTest -->
